2024-05-23 21:00:50,832	INFO worker.py:1749 -- Started a local Ray instance.
2024-05-23 21:00:54,552	INFO tune.py:253 -- Initializing Ray automatically. For cluster usage or custom Ray initialization, call `ray.init(...)` before `Tuner(...)`.
2024-05-24 00:52:39,728	WARNING util.py:201 -- The `scheduler.on_trial_result` operation took 1.556 s, which may be a performance bottleneck.
2024-05-24 00:52:39,731	WARNING util.py:201 -- The `process_trial_result` operation took 1.559 s, which may be a performance bottleneck.
2024-05-24 00:52:39,731	WARNING util.py:201 -- Processing trial results took 1.560 s, which may be a performance bottleneck. Please consider reporting results less frequently to Ray Tune.
2024-05-24 00:52:39,732	WARNING util.py:201 -- The `process_trial_result` operation took 1.560 s, which may be a performance bottleneck.
2024-05-24 00:53:22,627	INFO hyperband.py:543 -- Restoring from a previous point in time. Previous=1; Now=1
2024-05-24 00:53:44,301	INFO hyperband.py:543 -- Restoring from a previous point in time. Previous=1; Now=1
2024-05-24 00:54:29,680	INFO hyperband.py:543 -- Restoring from a previous point in time. Previous=1; Now=1
2024-05-24 00:54:51,562	INFO hyperband.py:543 -- Restoring from a previous point in time. Previous=1; Now=1
2024-05-24 00:55:35,336	INFO hyperband.py:543 -- Restoring from a previous point in time. Previous=1; Now=1
2024-05-24 00:55:56,918	INFO hyperband.py:543 -- Restoring from a previous point in time. Previous=1; Now=1
2024-05-24 00:56:43,705	INFO hyperband.py:543 -- Restoring from a previous point in time. Previous=1; Now=1
2024-05-24 00:57:05,937	INFO hyperband.py:543 -- Restoring from a previous point in time. Previous=1; Now=1
2024-05-24 00:57:50,517	INFO hyperband.py:543 -- Restoring from a previous point in time. Previous=1; Now=1
2024-05-24 00:58:12,545	INFO hyperband.py:543 -- Restoring from a previous point in time. Previous=1; Now=1
2024-05-24 00:58:58,055	INFO hyperband.py:543 -- Restoring from a previous point in time. Previous=1; Now=1
2024-05-24 00:59:20,658	INFO hyperband.py:543 -- Restoring from a previous point in time. Previous=1; Now=1
2024-05-24 01:00:06,898	INFO hyperband.py:543 -- Restoring from a previous point in time. Previous=1; Now=1
2024-05-24 01:00:28,379	INFO hyperband.py:543 -- Restoring from a previous point in time. Previous=1; Now=1
2024-05-24 01:01:14,594	INFO hyperband.py:543 -- Restoring from a previous point in time. Previous=1; Now=1
2024-05-24 01:01:37,540	INFO hyperband.py:543 -- Restoring from a previous point in time. Previous=1; Now=1
2024-05-24 01:02:23,038	INFO hyperband.py:543 -- Restoring from a previous point in time. Previous=1; Now=1
2024-05-24 01:02:45,337	INFO hyperband.py:543 -- Restoring from a previous point in time. Previous=1; Now=1
2024-05-24 01:03:30,825	INFO hyperband.py:543 -- Restoring from a previous point in time. Previous=1; Now=1
2024-05-24 01:03:52,912	INFO hyperband.py:543 -- Restoring from a previous point in time. Previous=1; Now=1
2024-05-24 01:04:39,897	INFO hyperband.py:543 -- Restoring from a previous point in time. Previous=1; Now=1
2024-05-24 01:05:02,794	INFO hyperband.py:543 -- Restoring from a previous point in time. Previous=1; Now=1
2024-05-24 01:05:48,953	INFO hyperband.py:543 -- Restoring from a previous point in time. Previous=1; Now=1
2024-05-24 01:06:12,044	INFO hyperband.py:543 -- Restoring from a previous point in time. Previous=1; Now=1
2024-05-24 01:06:59,995	INFO hyperband.py:543 -- Restoring from a previous point in time. Previous=1; Now=1
2024-05-24 01:07:23,194	INFO hyperband.py:543 -- Restoring from a previous point in time. Previous=1; Now=1
2024-05-24 01:08:10,015	INFO hyperband.py:543 -- Restoring from a previous point in time. Previous=1; Now=1
2024-05-24 01:08:32,925	INFO hyperband.py:543 -- Restoring from a previous point in time. Previous=1; Now=1
2024-05-24 01:09:18,342	INFO hyperband.py:543 -- Restoring from a previous point in time. Previous=1; Now=1
2024-05-24 01:09:41,133	INFO hyperband.py:543 -- Restoring from a previous point in time. Previous=1; Now=1
2024-05-24 01:10:29,250	INFO hyperband.py:543 -- Restoring from a previous point in time. Previous=1; Now=1
2024-05-24 01:10:50,912	INFO hyperband.py:543 -- Restoring from a previous point in time. Previous=1; Now=1
2024-05-24 01:11:37,154	INFO hyperband.py:543 -- Restoring from a previous point in time. Previous=1; Now=1
2024-05-24 01:11:59,125	INFO hyperband.py:543 -- Restoring from a previous point in time. Previous=1; Now=1
2024-05-24 01:12:43,920	INFO hyperband.py:543 -- Restoring from a previous point in time. Previous=1; Now=1
2024-05-24 01:13:06,515	INFO hyperband.py:543 -- Restoring from a previous point in time. Previous=1; Now=1
2024-05-24 01:13:53,801	INFO hyperband.py:543 -- Restoring from a previous point in time. Previous=1; Now=1
2024-05-24 01:14:15,960	INFO hyperband.py:543 -- Restoring from a previous point in time. Previous=1; Now=1
2024-05-24 01:15:00,204	INFO hyperband.py:543 -- Restoring from a previous point in time. Previous=1; Now=1
2024-05-24 01:15:22,515	INFO hyperband.py:543 -- Restoring from a previous point in time. Previous=1; Now=1
2024-05-24 01:16:08,188	INFO hyperband.py:543 -- Restoring from a previous point in time. Previous=1; Now=1
2024-05-24 01:16:31,316	INFO hyperband.py:543 -- Restoring from a previous point in time. Previous=1; Now=1
2024-05-24 01:17:18,132	INFO hyperband.py:543 -- Restoring from a previous point in time. Previous=1; Now=1
2024-05-24 01:17:40,728	INFO hyperband.py:543 -- Restoring from a previous point in time. Previous=1; Now=1
2024-05-24 01:18:29,260	INFO hyperband.py:543 -- Restoring from a previous point in time. Previous=1; Now=1
2024-05-24 01:18:52,698	INFO hyperband.py:543 -- Restoring from a previous point in time. Previous=1; Now=1
2024-05-24 01:19:38,285	INFO hyperband.py:543 -- Restoring from a previous point in time. Previous=1; Now=1
2024-05-24 01:20:00,552	INFO hyperband.py:543 -- Restoring from a previous point in time. Previous=1; Now=1
2024-05-24 01:20:47,294	INFO hyperband.py:543 -- Restoring from a previous point in time. Previous=1; Now=1
2024-05-24 01:21:09,273	INFO hyperband.py:543 -- Restoring from a previous point in time. Previous=1; Now=1
2024-05-24 01:21:57,407	INFO hyperband.py:543 -- Restoring from a previous point in time. Previous=1; Now=1
2024-05-24 01:22:19,527	INFO hyperband.py:543 -- Restoring from a previous point in time. Previous=1; Now=1
2024-05-24 01:23:03,157	INFO hyperband.py:543 -- Restoring from a previous point in time. Previous=1; Now=1
2024-05-24 01:23:24,983	INFO hyperband.py:543 -- Restoring from a previous point in time. Previous=1; Now=1
2024-05-24 01:24:12,283	INFO hyperband.py:543 -- Restoring from a previous point in time. Previous=1; Now=1
2024-05-24 01:24:35,324	INFO hyperband.py:543 -- Restoring from a previous point in time. Previous=1; Now=1
2024-05-24 01:25:21,156	INFO hyperband.py:543 -- Restoring from a previous point in time. Previous=1; Now=1
2024-05-24 01:25:44,231	INFO hyperband.py:543 -- Restoring from a previous point in time. Previous=1; Now=1
2024-05-24 01:26:28,861	INFO hyperband.py:543 -- Restoring from a previous point in time. Previous=1; Now=1
2024-05-24 01:26:51,404	INFO hyperband.py:543 -- Restoring from a previous point in time. Previous=1; Now=1
2024-05-24 01:27:37,511	INFO hyperband.py:543 -- Restoring from a previous point in time. Previous=1; Now=1
2024-05-24 01:27:59,131	INFO hyperband.py:543 -- Restoring from a previous point in time. Previous=1; Now=1
2024-05-24 01:28:43,983	INFO hyperband.py:543 -- Restoring from a previous point in time. Previous=1; Now=1
2024-05-24 01:29:06,377	INFO hyperband.py:543 -- Restoring from a previous point in time. Previous=1; Now=1
2024-05-24 01:29:51,149	INFO hyperband.py:543 -- Restoring from a previous point in time. Previous=1; Now=1
2024-05-24 01:30:11,555	INFO hyperband.py:543 -- Restoring from a previous point in time. Previous=1; Now=1
2024-05-24 01:30:57,986	INFO hyperband.py:543 -- Restoring from a previous point in time. Previous=1; Now=1
2024-05-24 01:31:20,333	INFO hyperband.py:543 -- Restoring from a previous point in time. Previous=1; Now=1
2024-05-24 01:32:06,127	INFO hyperband.py:543 -- Restoring from a previous point in time. Previous=1; Now=1
2024-05-24 01:32:28,240	INFO hyperband.py:543 -- Restoring from a previous point in time. Previous=1; Now=1
2024-05-24 01:33:13,207	INFO hyperband.py:543 -- Restoring from a previous point in time. Previous=1; Now=1
2024-05-24 01:33:35,441	INFO hyperband.py:543 -- Restoring from a previous point in time. Previous=1; Now=1
2024-05-24 01:34:18,863	INFO hyperband.py:543 -- Restoring from a previous point in time. Previous=1; Now=1
2024-05-24 01:34:41,078	INFO hyperband.py:543 -- Restoring from a previous point in time. Previous=1; Now=1
2024-05-24 01:35:25,290	INFO hyperband.py:543 -- Restoring from a previous point in time. Previous=1; Now=1
2024-05-24 01:35:46,483	INFO hyperband.py:543 -- Restoring from a previous point in time. Previous=1; Now=1
2024-05-24 01:36:33,385	INFO hyperband.py:543 -- Restoring from a previous point in time. Previous=1; Now=1
2024-05-24 01:36:55,599	INFO hyperband.py:543 -- Restoring from a previous point in time. Previous=1; Now=1
2024-05-24 01:37:41,648	INFO hyperband.py:543 -- Restoring from a previous point in time. Previous=1; Now=1
2024-05-24 01:38:03,744	INFO hyperband.py:543 -- Restoring from a previous point in time. Previous=1; Now=1
2024-05-24 01:38:55,437	INFO hyperband.py:543 -- Restoring from a previous point in time. Previous=1; Now=1
2024-05-24 01:39:17,547	INFO hyperband.py:543 -- Restoring from a previous point in time. Previous=1; Now=1
2024-05-24 01:40:04,354	INFO hyperband.py:543 -- Restoring from a previous point in time. Previous=1; Now=1
2024-05-24 01:40:26,554	INFO hyperband.py:543 -- Restoring from a previous point in time. Previous=1; Now=1
2024-05-24 01:41:10,651	INFO hyperband.py:543 -- Restoring from a previous point in time. Previous=1; Now=1
2024-05-24 01:41:35,280	INFO hyperband.py:543 -- Restoring from a previous point in time. Previous=1; Now=1
2024-05-24 01:42:19,864	INFO hyperband.py:543 -- Restoring from a previous point in time. Previous=1; Now=1
2024-05-24 01:42:42,545	INFO hyperband.py:543 -- Restoring from a previous point in time. Previous=1; Now=1
2024-05-24 01:43:29,710	INFO hyperband.py:543 -- Restoring from a previous point in time. Previous=1; Now=1
2024-05-24 01:43:51,950	INFO hyperband.py:543 -- Restoring from a previous point in time. Previous=1; Now=1
2024-05-24 01:44:38,335	INFO hyperband.py:543 -- Restoring from a previous point in time. Previous=1; Now=1
2024-05-24 01:44:59,419	INFO hyperband.py:543 -- Restoring from a previous point in time. Previous=1; Now=1
2024-05-24 01:45:44,362	INFO hyperband.py:543 -- Restoring from a previous point in time. Previous=1; Now=1
2024-05-24 01:46:06,061	INFO hyperband.py:543 -- Restoring from a previous point in time. Previous=1; Now=1
2024-05-24 01:46:51,570	INFO hyperband.py:543 -- Restoring from a previous point in time. Previous=1; Now=1
2024-05-24 01:47:13,003	INFO hyperband.py:543 -- Restoring from a previous point in time. Previous=1; Now=1
2024-05-24 01:47:57,440	INFO hyperband.py:543 -- Restoring from a previous point in time. Previous=1; Now=1
2024-05-24 01:48:19,299	INFO hyperband.py:543 -- Restoring from a previous point in time. Previous=1; Now=1
2024-05-24 01:49:05,779	INFO hyperband.py:543 -- Restoring from a previous point in time. Previous=1; Now=1
2024-05-24 01:49:28,335	INFO hyperband.py:543 -- Restoring from a previous point in time. Previous=1; Now=1
2024-05-24 01:50:16,447	INFO hyperband.py:543 -- Restoring from a previous point in time. Previous=1; Now=1
2024-05-24 01:50:37,526	INFO hyperband.py:543 -- Restoring from a previous point in time. Previous=1; Now=1
2024-05-24 01:51:20,101	INFO hyperband.py:543 -- Restoring from a previous point in time. Previous=1; Now=1
2024-05-24 01:51:40,030	INFO hyperband.py:543 -- Restoring from a previous point in time. Previous=1; Now=1
2024-05-24 01:52:22,929	INFO hyperband.py:543 -- Restoring from a previous point in time. Previous=1; Now=1
2024-05-24 01:52:42,731	INFO hyperband.py:543 -- Restoring from a previous point in time. Previous=1; Now=1
2024-05-24 01:53:22,554	INFO hyperband.py:543 -- Restoring from a previous point in time. Previous=1; Now=1
2024-05-24 01:53:42,030	INFO hyperband.py:543 -- Restoring from a previous point in time. Previous=1; Now=1
2024-05-24 01:54:23,127	INFO hyperband.py:543 -- Restoring from a previous point in time. Previous=1; Now=1
2024-05-24 01:54:43,028	INFO hyperband.py:543 -- Restoring from a previous point in time. Previous=1; Now=1
2024-05-24 01:55:22,883	INFO hyperband.py:543 -- Restoring from a previous point in time. Previous=1; Now=1
2024-05-24 01:55:42,856	INFO hyperband.py:543 -- Restoring from a previous point in time. Previous=1; Now=1
2024-05-24 01:56:24,505	INFO hyperband.py:543 -- Restoring from a previous point in time. Previous=1; Now=1
2024-05-24 01:56:44,073	INFO hyperband.py:543 -- Restoring from a previous point in time. Previous=1; Now=1
2024-05-24 01:57:24,818	INFO hyperband.py:543 -- Restoring from a previous point in time. Previous=1; Now=1
2024-05-24 01:57:43,571	INFO hyperband.py:543 -- Restoring from a previous point in time. Previous=1; Now=1
2024-05-24 01:58:26,483	INFO hyperband.py:543 -- Restoring from a previous point in time. Previous=1; Now=1
2024-05-24 01:58:46,331	INFO hyperband.py:543 -- Restoring from a previous point in time. Previous=1; Now=1
2024-05-24 01:59:27,784	INFO hyperband.py:543 -- Restoring from a previous point in time. Previous=1; Now=1
2024-05-24 01:59:48,009	INFO hyperband.py:543 -- Restoring from a previous point in time. Previous=1; Now=1
2024-05-24 02:00:34,910	INFO hyperband.py:543 -- Restoring from a previous point in time. Previous=1; Now=1
2024-05-24 02:00:56,707	INFO hyperband.py:543 -- Restoring from a previous point in time. Previous=1; Now=1
2024-05-24 02:01:39,492	INFO hyperband.py:543 -- Restoring from a previous point in time. Previous=1; Now=1
2024-05-24 02:01:59,423	INFO hyperband.py:543 -- Restoring from a previous point in time. Previous=1; Now=1
2024-05-24 02:02:42,422	INFO hyperband.py:543 -- Restoring from a previous point in time. Previous=1; Now=1
2024-05-24 02:03:02,041	INFO hyperband.py:543 -- Restoring from a previous point in time. Previous=1; Now=1
2024-05-24 02:03:44,723	INFO hyperband.py:543 -- Restoring from a previous point in time. Previous=1; Now=1
2024-05-24 02:04:04,349	INFO hyperband.py:543 -- Restoring from a previous point in time. Previous=1; Now=1
2024-05-24 02:04:45,395	INFO hyperband.py:543 -- Restoring from a previous point in time. Previous=1; Now=1
2024-05-24 02:05:06,800	INFO hyperband.py:543 -- Restoring from a previous point in time. Previous=1; Now=1
2024-05-24 02:05:49,220	INFO hyperband.py:543 -- Restoring from a previous point in time. Previous=1; Now=1
2024-05-24 02:06:08,886	INFO hyperband.py:543 -- Restoring from a previous point in time. Previous=1; Now=1
2024-05-24 02:06:52,194	INFO hyperband.py:543 -- Restoring from a previous point in time. Previous=1; Now=1
2024-05-24 02:07:11,510	INFO hyperband.py:543 -- Restoring from a previous point in time. Previous=1; Now=1
2024-05-24 02:07:53,770	INFO hyperband.py:543 -- Restoring from a previous point in time. Previous=1; Now=1
2024-05-24 02:08:13,004	INFO hyperband.py:543 -- Restoring from a previous point in time. Previous=1; Now=1
2024-05-24 02:08:53,698	INFO hyperband.py:543 -- Restoring from a previous point in time. Previous=1; Now=1
2024-05-24 02:09:12,970	INFO hyperband.py:543 -- Restoring from a previous point in time. Previous=1; Now=1
2024-05-24 02:09:53,347	INFO hyperband.py:543 -- Restoring from a previous point in time. Previous=1; Now=1
2024-05-24 02:10:13,411	INFO hyperband.py:543 -- Restoring from a previous point in time. Previous=1; Now=1
2024-05-24 02:10:53,289	INFO hyperband.py:543 -- Restoring from a previous point in time. Previous=1; Now=1
2024-05-24 02:11:13,374	INFO hyperband.py:543 -- Restoring from a previous point in time. Previous=1; Now=1
2024-05-24 02:11:55,015	INFO hyperband.py:543 -- Restoring from a previous point in time. Previous=1; Now=1
2024-05-24 02:12:15,269	INFO hyperband.py:543 -- Restoring from a previous point in time. Previous=1; Now=1
2024-05-24 02:12:55,627	INFO hyperband.py:543 -- Restoring from a previous point in time. Previous=1; Now=1
2024-05-24 02:13:14,828	INFO hyperband.py:543 -- Restoring from a previous point in time. Previous=1; Now=1
2024-05-24 02:13:55,157	INFO hyperband.py:543 -- Restoring from a previous point in time. Previous=1; Now=1
2024-05-24 02:14:15,620	INFO hyperband.py:543 -- Restoring from a previous point in time. Previous=1; Now=1
2024-05-24 02:14:55,529	INFO hyperband.py:543 -- Restoring from a previous point in time. Previous=1; Now=1
2024-05-24 02:15:15,939	INFO hyperband.py:543 -- Restoring from a previous point in time. Previous=1; Now=1
2024-05-24 02:15:57,058	INFO hyperband.py:543 -- Restoring from a previous point in time. Previous=1; Now=1
2024-05-24 02:16:17,327	INFO hyperband.py:543 -- Restoring from a previous point in time. Previous=1; Now=1
2024-05-24 02:16:58,459	INFO hyperband.py:543 -- Restoring from a previous point in time. Previous=1; Now=1
2024-05-24 02:17:19,247	INFO hyperband.py:543 -- Restoring from a previous point in time. Previous=1; Now=1
2024-05-24 02:17:59,472	INFO hyperband.py:543 -- Restoring from a previous point in time. Previous=1; Now=1
2024-05-24 02:18:18,819	INFO hyperband.py:543 -- Restoring from a previous point in time. Previous=1; Now=1
2024-05-24 02:18:59,796	INFO hyperband.py:543 -- Restoring from a previous point in time. Previous=1; Now=1
2024-05-24 02:19:20,063	INFO hyperband.py:543 -- Restoring from a previous point in time. Previous=1; Now=1
2024-05-24 02:20:01,569	INFO hyperband.py:543 -- Restoring from a previous point in time. Previous=1; Now=1
2024-05-24 02:20:20,906	INFO hyperband.py:543 -- Restoring from a previous point in time. Previous=1; Now=1
2024-05-24 02:21:01,722	INFO hyperband.py:543 -- Restoring from a previous point in time. Previous=1; Now=1
2024-05-24 02:21:22,517	INFO hyperband.py:543 -- Restoring from a previous point in time. Previous=1; Now=1
2024-05-24 02:22:04,233	INFO hyperband.py:543 -- Restoring from a previous point in time. Previous=1; Now=1
2024-05-24 02:22:24,368	INFO hyperband.py:543 -- Restoring from a previous point in time. Previous=1; Now=1
2024-05-24 02:23:05,798	INFO hyperband.py:543 -- Restoring from a previous point in time. Previous=1; Now=1
2024-05-24 02:23:25,492	INFO hyperband.py:543 -- Restoring from a previous point in time. Previous=1; Now=1
2024-05-24 02:24:06,177	INFO hyperband.py:543 -- Restoring from a previous point in time. Previous=1; Now=1
2024-05-24 02:24:24,912	INFO hyperband.py:543 -- Restoring from a previous point in time. Previous=1; Now=1
2024-05-24 02:25:04,826	INFO hyperband.py:543 -- Restoring from a previous point in time. Previous=1; Now=1
2024-05-24 02:25:24,308	INFO hyperband.py:543 -- Restoring from a previous point in time. Previous=1; Now=1
2024-05-24 02:26:05,293	INFO hyperband.py:543 -- Restoring from a previous point in time. Previous=1; Now=1
2024-05-24 02:26:25,274	INFO hyperband.py:543 -- Restoring from a previous point in time. Previous=1; Now=1
2024-05-24 02:27:06,518	INFO hyperband.py:543 -- Restoring from a previous point in time. Previous=1; Now=1
2024-05-24 02:27:27,155	INFO hyperband.py:543 -- Restoring from a previous point in time. Previous=1; Now=1
2024-05-24 02:28:07,877	INFO hyperband.py:543 -- Restoring from a previous point in time. Previous=1; Now=1
2024-05-24 02:28:26,568	INFO hyperband.py:543 -- Restoring from a previous point in time. Previous=1; Now=1
2024-05-24 02:29:09,542	INFO hyperband.py:543 -- Restoring from a previous point in time. Previous=1; Now=1
2024-05-24 02:29:29,583	INFO hyperband.py:543 -- Restoring from a previous point in time. Previous=1; Now=1
2024-05-24 02:30:10,742	INFO hyperband.py:543 -- Restoring from a previous point in time. Previous=1; Now=1
2024-05-24 02:30:30,962	INFO hyperband.py:543 -- Restoring from a previous point in time. Previous=1; Now=1
2024-05-24 02:31:12,446	INFO hyperband.py:543 -- Restoring from a previous point in time. Previous=1; Now=1
2024-05-24 02:31:32,115	INFO hyperband.py:543 -- Restoring from a previous point in time. Previous=1; Now=1
2024-05-24 02:32:12,480	INFO hyperband.py:543 -- Restoring from a previous point in time. Previous=1; Now=1
2024-05-24 02:32:32,400	INFO hyperband.py:543 -- Restoring from a previous point in time. Previous=1; Now=1
2024-05-24 02:33:14,724	INFO hyperband.py:543 -- Restoring from a previous point in time. Previous=1; Now=1
2024-05-24 02:33:34,593	INFO hyperband.py:543 -- Restoring from a previous point in time. Previous=1; Now=1
2024-05-24 02:34:15,647	INFO hyperband.py:543 -- Restoring from a previous point in time. Previous=1; Now=1
2024-05-24 02:34:35,146	INFO hyperband.py:543 -- Restoring from a previous point in time. Previous=1; Now=1
2024-05-24 02:35:16,736	INFO hyperband.py:543 -- Restoring from a previous point in time. Previous=1; Now=1
2024-05-24 02:35:37,933	INFO hyperband.py:543 -- Restoring from a previous point in time. Previous=1; Now=1
2024-05-24 02:36:18,926	INFO hyperband.py:543 -- Restoring from a previous point in time. Previous=1; Now=1
2024-05-24 02:36:38,888	INFO hyperband.py:543 -- Restoring from a previous point in time. Previous=1; Now=1
2024-05-24 02:37:20,026	INFO hyperband.py:543 -- Restoring from a previous point in time. Previous=1; Now=1
2024-05-24 02:37:40,943	INFO hyperband.py:543 -- Restoring from a previous point in time. Previous=1; Now=1
2024-05-24 02:38:21,998	INFO hyperband.py:543 -- Restoring from a previous point in time. Previous=1; Now=1
2024-05-24 02:38:41,581	INFO hyperband.py:543 -- Restoring from a previous point in time. Previous=1; Now=1
2024-05-24 02:39:22,953	INFO hyperband.py:543 -- Restoring from a previous point in time. Previous=1; Now=1
2024-05-24 02:39:43,555	INFO hyperband.py:543 -- Restoring from a previous point in time. Previous=1; Now=1
2024-05-24 02:40:24,471	INFO hyperband.py:543 -- Restoring from a previous point in time. Previous=1; Now=1
2024-05-24 02:40:44,694	INFO hyperband.py:543 -- Restoring from a previous point in time. Previous=1; Now=1
2024-05-24 02:41:25,673	INFO hyperband.py:543 -- Restoring from a previous point in time. Previous=1; Now=1
2024-05-24 02:41:45,546	INFO hyperband.py:543 -- Restoring from a previous point in time. Previous=1; Now=1
2024-05-24 02:42:28,851	INFO hyperband.py:543 -- Restoring from a previous point in time. Previous=1; Now=1
2024-05-24 02:42:48,795	INFO hyperband.py:543 -- Restoring from a previous point in time. Previous=1; Now=1
2024-05-24 02:43:30,989	INFO hyperband.py:543 -- Restoring from a previous point in time. Previous=1; Now=1
2024-05-24 02:43:51,767	INFO hyperband.py:543 -- Restoring from a previous point in time. Previous=1; Now=1
2024-05-24 02:44:32,795	INFO hyperband.py:543 -- Restoring from a previous point in time. Previous=1; Now=1
2024-05-24 02:44:52,439	INFO hyperband.py:543 -- Restoring from a previous point in time. Previous=1; Now=1
2024-05-24 02:45:33,081	INFO hyperband.py:543 -- Restoring from a previous point in time. Previous=1; Now=1
2024-05-24 02:45:52,609	INFO hyperband.py:543 -- Restoring from a previous point in time. Previous=1; Now=1
2024-05-24 02:46:34,285	INFO hyperband.py:543 -- Restoring from a previous point in time. Previous=1; Now=1
2024-05-24 02:46:54,584	INFO hyperband.py:543 -- Restoring from a previous point in time. Previous=1; Now=1
2024-05-24 02:47:37,080	INFO hyperband.py:543 -- Restoring from a previous point in time. Previous=1; Now=1
2024-05-24 02:47:57,767	INFO hyperband.py:543 -- Restoring from a previous point in time. Previous=1; Now=1
2024-05-24 02:48:40,085	INFO hyperband.py:543 -- Restoring from a previous point in time. Previous=1; Now=1
2024-05-24 02:49:00,572	INFO hyperband.py:543 -- Restoring from a previous point in time. Previous=1; Now=1
2024-05-24 02:49:42,179	INFO hyperband.py:543 -- Restoring from a previous point in time. Previous=1; Now=1
2024-05-24 02:50:01,401	INFO hyperband.py:543 -- Restoring from a previous point in time. Previous=1; Now=1
2024-05-24 02:50:43,624	INFO hyperband.py:543 -- Restoring from a previous point in time. Previous=1; Now=1
2024-05-24 02:51:03,418	INFO hyperband.py:543 -- Restoring from a previous point in time. Previous=1; Now=1
2024-05-24 02:51:42,961	INFO hyperband.py:543 -- Restoring from a previous point in time. Previous=1; Now=1
2024-05-24 02:52:03,479	INFO hyperband.py:543 -- Restoring from a previous point in time. Previous=1; Now=1
2024-05-24 02:52:47,697	INFO hyperband.py:543 -- Restoring from a previous point in time. Previous=1; Now=1
2024-05-24 02:53:07,018	INFO hyperband.py:543 -- Restoring from a previous point in time. Previous=1; Now=1
2024-05-24 02:53:49,106	INFO hyperband.py:543 -- Restoring from a previous point in time. Previous=1; Now=1
2024-05-24 02:54:08,940	INFO hyperband.py:543 -- Restoring from a previous point in time. Previous=1; Now=1
2024-05-24 02:54:49,599	INFO hyperband.py:543 -- Restoring from a previous point in time. Previous=1; Now=1
2024-05-24 02:55:10,506	INFO hyperband.py:543 -- Restoring from a previous point in time. Previous=1; Now=1
2024-05-24 02:55:51,105	INFO hyperband.py:543 -- Restoring from a previous point in time. Previous=1; Now=1
2024-05-24 02:56:12,092	INFO hyperband.py:543 -- Restoring from a previous point in time. Previous=1; Now=1
2024-05-24 02:56:54,994	INFO hyperband.py:543 -- Restoring from a previous point in time. Previous=1; Now=1
2024-05-24 02:57:15,452	INFO hyperband.py:543 -- Restoring from a previous point in time. Previous=1; Now=1
2024-05-24 02:57:55,710	INFO hyperband.py:543 -- Restoring from a previous point in time. Previous=1; Now=1
2024-05-24 02:58:14,835	INFO hyperband.py:543 -- Restoring from a previous point in time. Previous=1; Now=1
2024-05-24 02:58:57,699	INFO hyperband.py:543 -- Restoring from a previous point in time. Previous=1; Now=1
2024-05-24 02:59:17,346	INFO hyperband.py:543 -- Restoring from a previous point in time. Previous=1; Now=1
2024-05-24 02:59:58,857	INFO hyperband.py:543 -- Restoring from a previous point in time. Previous=1; Now=1
2024-05-24 03:00:17,742	INFO hyperband.py:543 -- Restoring from a previous point in time. Previous=1; Now=1
2024-05-24 03:00:59,630	INFO hyperband.py:543 -- Restoring from a previous point in time. Previous=1; Now=1
2024-05-24 03:01:20,189	INFO hyperband.py:543 -- Restoring from a previous point in time. Previous=1; Now=1
2024-05-24 03:02:02,211	INFO hyperband.py:543 -- Restoring from a previous point in time. Previous=1; Now=1
2024-05-24 03:02:21,975	INFO hyperband.py:543 -- Restoring from a previous point in time. Previous=1; Now=1
2024-05-24 03:03:01,534	INFO hyperband.py:543 -- Restoring from a previous point in time. Previous=1; Now=1
2024-05-24 03:03:43,885	INFO hyperband.py:543 -- Restoring from a previous point in time. Previous=3; Now=1
2024-05-24 03:04:09,983	INFO hyperband.py:543 -- Restoring from a previous point in time. Previous=3; Now=1
2024-05-24 03:04:59,913	INFO hyperband.py:543 -- Restoring from a previous point in time. Previous=3; Now=1
2024-05-24 03:05:30,287	INFO hyperband.py:543 -- Restoring from a previous point in time. Previous=3; Now=1
2024-05-24 03:06:16,990	INFO hyperband.py:543 -- Restoring from a previous point in time. Previous=3; Now=1
2024-05-24 03:06:43,187	INFO hyperband.py:543 -- Restoring from a previous point in time. Previous=3; Now=1
2024-05-24 03:07:31,282	INFO hyperband.py:543 -- Restoring from a previous point in time. Previous=3; Now=1
2024-05-24 03:07:57,104	INFO hyperband.py:543 -- Restoring from a previous point in time. Previous=3; Now=1
2024-05-24 03:08:44,057	INFO hyperband.py:543 -- Restoring from a previous point in time. Previous=3; Now=1
2024-05-24 03:09:09,719	INFO hyperband.py:543 -- Restoring from a previous point in time. Previous=3; Now=1
2024-05-24 03:09:58,100	INFO hyperband.py:543 -- Restoring from a previous point in time. Previous=3; Now=1
2024-05-24 03:10:24,262	INFO hyperband.py:543 -- Restoring from a previous point in time. Previous=3; Now=1
2024-05-24 03:11:13,952	INFO hyperband.py:543 -- Restoring from a previous point in time. Previous=3; Now=1
2024-05-24 03:11:40,361	INFO hyperband.py:543 -- Restoring from a previous point in time. Previous=3; Now=1
2024-05-24 03:12:27,321	INFO hyperband.py:543 -- Restoring from a previous point in time. Previous=3; Now=1
2024-05-24 03:12:54,166	INFO hyperband.py:543 -- Restoring from a previous point in time. Previous=3; Now=1
2024-05-24 03:13:40,455	INFO hyperband.py:543 -- Restoring from a previous point in time. Previous=3; Now=1
2024-05-24 03:14:08,376	INFO hyperband.py:543 -- Restoring from a previous point in time. Previous=3; Now=1
2024-05-24 03:14:59,260	INFO hyperband.py:543 -- Restoring from a previous point in time. Previous=3; Now=1
2024-05-24 03:15:25,062	INFO hyperband.py:543 -- Restoring from a previous point in time. Previous=3; Now=1
2024-05-24 03:16:14,592	INFO hyperband.py:543 -- Restoring from a previous point in time. Previous=3; Now=1
2024-05-24 03:16:40,297	INFO hyperband.py:543 -- Restoring from a previous point in time. Previous=3; Now=1
2024-05-24 03:17:32,494	INFO hyperband.py:543 -- Restoring from a previous point in time. Previous=3; Now=1
2024-05-24 03:18:01,894	INFO hyperband.py:543 -- Restoring from a previous point in time. Previous=3; Now=1
2024-05-24 03:19:04,216	INFO hyperband.py:543 -- Restoring from a previous point in time. Previous=3; Now=1
2024-05-24 03:19:39,261	INFO hyperband.py:543 -- Restoring from a previous point in time. Previous=3; Now=1
2024-05-24 03:20:38,865	INFO hyperband.py:543 -- Restoring from a previous point in time. Previous=3; Now=1
2024-05-24 03:21:12,296	INFO hyperband.py:543 -- Restoring from a previous point in time. Previous=3; Now=1
2024-05-24 03:22:13,180	INFO hyperband.py:543 -- Restoring from a previous point in time. Previous=3; Now=1
2024-05-24 03:22:44,408	INFO hyperband.py:543 -- Restoring from a previous point in time. Previous=3; Now=1
2024-05-24 03:23:31,490	INFO hyperband.py:543 -- Restoring from a previous point in time. Previous=3; Now=1
2024-05-24 03:23:56,656	INFO hyperband.py:543 -- Restoring from a previous point in time. Previous=3; Now=1
2024-05-24 03:24:45,035	INFO hyperband.py:543 -- Restoring from a previous point in time. Previous=3; Now=1
2024-05-24 03:25:12,376	INFO hyperband.py:543 -- Restoring from a previous point in time. Previous=3; Now=1
2024-05-24 03:26:00,390	INFO hyperband.py:543 -- Restoring from a previous point in time. Previous=3; Now=1
2024-05-24 03:26:27,059	INFO hyperband.py:543 -- Restoring from a previous point in time. Previous=3; Now=1
2024-05-24 03:27:16,254	INFO hyperband.py:543 -- Restoring from a previous point in time. Previous=3; Now=1
2024-05-24 03:27:43,565	INFO hyperband.py:543 -- Restoring from a previous point in time. Previous=3; Now=1
2024-05-24 03:28:30,447	INFO hyperband.py:543 -- Restoring from a previous point in time. Previous=3; Now=1
2024-05-24 03:28:58,193	INFO hyperband.py:543 -- Restoring from a previous point in time. Previous=3; Now=1
2024-05-24 03:29:47,722	INFO hyperband.py:543 -- Restoring from a previous point in time. Previous=3; Now=1
2024-05-24 03:30:14,408	INFO hyperband.py:543 -- Restoring from a previous point in time. Previous=3; Now=1
2024-05-24 03:31:02,227	INFO hyperband.py:543 -- Restoring from a previous point in time. Previous=3; Now=1
2024-05-24 03:31:28,596	INFO hyperband.py:543 -- Restoring from a previous point in time. Previous=3; Now=1
2024-05-24 03:32:15,219	INFO hyperband.py:543 -- Restoring from a previous point in time. Previous=3; Now=1
2024-05-24 03:32:42,253	INFO hyperband.py:543 -- Restoring from a previous point in time. Previous=3; Now=1
2024-05-24 03:33:32,239	INFO hyperband.py:543 -- Restoring from a previous point in time. Previous=3; Now=1
2024-05-24 03:33:59,865	INFO hyperband.py:543 -- Restoring from a previous point in time. Previous=3; Now=1
2024-05-24 03:34:48,807	INFO hyperband.py:543 -- Restoring from a previous point in time. Previous=3; Now=1
2024-05-24 03:35:15,000	INFO hyperband.py:543 -- Restoring from a previous point in time. Previous=3; Now=1
2024-05-24 03:36:04,186	INFO hyperband.py:543 -- Restoring from a previous point in time. Previous=3; Now=1
2024-05-24 03:36:31,557	INFO hyperband.py:543 -- Restoring from a previous point in time. Previous=3; Now=1
2024-05-24 03:37:21,396	INFO hyperband.py:543 -- Restoring from a previous point in time. Previous=3; Now=1
2024-05-24 03:37:47,234	INFO hyperband.py:543 -- Restoring from a previous point in time. Previous=3; Now=1
2024-05-24 03:38:35,262	INFO hyperband.py:543 -- Restoring from a previous point in time. Previous=3; Now=1
2024-05-24 03:39:02,123	INFO hyperband.py:543 -- Restoring from a previous point in time. Previous=3; Now=1
2024-05-24 03:39:48,721	INFO hyperband.py:543 -- Restoring from a previous point in time. Previous=3; Now=1
2024-05-24 03:40:16,729	INFO hyperband.py:543 -- Restoring from a previous point in time. Previous=3; Now=1
2024-05-24 03:41:04,304	INFO hyperband.py:543 -- Restoring from a previous point in time. Previous=3; Now=1
2024-05-24 03:41:31,300	INFO hyperband.py:543 -- Restoring from a previous point in time. Previous=3; Now=1
2024-05-24 03:42:18,711	INFO hyperband.py:543 -- Restoring from a previous point in time. Previous=3; Now=1
2024-05-24 03:42:46,775	INFO hyperband.py:543 -- Restoring from a previous point in time. Previous=3; Now=1
2024-05-24 03:43:34,059	INFO hyperband.py:543 -- Restoring from a previous point in time. Previous=3; Now=1
2024-05-24 03:44:01,167	INFO hyperband.py:543 -- Restoring from a previous point in time. Previous=3; Now=1
2024-05-24 03:44:48,903	INFO hyperband.py:543 -- Restoring from a previous point in time. Previous=3; Now=1
2024-05-24 03:45:16,451	INFO hyperband.py:543 -- Restoring from a previous point in time. Previous=3; Now=1
2024-05-24 03:46:05,205	INFO hyperband.py:543 -- Restoring from a previous point in time. Previous=3; Now=1
2024-05-24 03:46:33,646	INFO hyperband.py:543 -- Restoring from a previous point in time. Previous=3; Now=1
2024-05-24 03:47:21,847	INFO hyperband.py:543 -- Restoring from a previous point in time. Previous=3; Now=1
2024-05-24 03:47:47,323	INFO hyperband.py:543 -- Restoring from a previous point in time. Previous=3; Now=1
2024-05-24 03:48:35,543	INFO hyperband.py:543 -- Restoring from a previous point in time. Previous=3; Now=1
2024-05-24 03:49:01,281	INFO hyperband.py:543 -- Restoring from a previous point in time. Previous=3; Now=1
2024-05-24 03:49:50,630	INFO hyperband.py:543 -- Restoring from a previous point in time. Previous=3; Now=1
2024-05-24 03:50:15,293	INFO hyperband.py:543 -- Restoring from a previous point in time. Previous=3; Now=1
2024-05-24 03:51:02,869	INFO hyperband.py:543 -- Restoring from a previous point in time. Previous=3; Now=1
2024-05-24 03:51:27,989	INFO hyperband.py:543 -- Restoring from a previous point in time. Previous=3; Now=1
2024-05-24 03:52:14,781	INFO hyperband.py:543 -- Restoring from a previous point in time. Previous=3; Now=1
2024-05-24 03:52:41,772	INFO hyperband.py:543 -- Restoring from a previous point in time. Previous=3; Now=1
2024-05-24 03:53:27,494	INFO hyperband.py:543 -- Restoring from a previous point in time. Previous=3; Now=1
2024-05-24 03:53:53,912	INFO hyperband.py:543 -- Restoring from a previous point in time. Previous=3; Now=1
2024-05-24 03:54:40,804	INFO hyperband.py:543 -- Restoring from a previous point in time. Previous=3; Now=1
2024-05-24 03:55:29,406	INFO hyperband.py:543 -- Restoring from a previous point in time. Previous=9; Now=1
2024-05-24 03:55:56,989	INFO hyperband.py:543 -- Restoring from a previous point in time. Previous=9; Now=1
2024-05-24 03:56:46,560	INFO hyperband.py:543 -- Restoring from a previous point in time. Previous=9; Now=1
2024-05-24 03:57:13,081	INFO hyperband.py:543 -- Restoring from a previous point in time. Previous=9; Now=1
2024-05-24 03:58:02,215	INFO hyperband.py:543 -- Restoring from a previous point in time. Previous=9; Now=1
2024-05-24 03:58:31,634	INFO hyperband.py:543 -- Restoring from a previous point in time. Previous=9; Now=1
2024-05-24 03:59:25,621	INFO hyperband.py:543 -- Restoring from a previous point in time. Previous=9; Now=1
2024-05-24 03:59:52,073	INFO hyperband.py:543 -- Restoring from a previous point in time. Previous=9; Now=1
2024-05-24 04:00:45,132	INFO hyperband.py:543 -- Restoring from a previous point in time. Previous=9; Now=1
2024-05-24 04:01:13,689	INFO hyperband.py:543 -- Restoring from a previous point in time. Previous=9; Now=1
2024-05-24 04:02:03,914	INFO hyperband.py:543 -- Restoring from a previous point in time. Previous=9; Now=1
2024-05-24 04:02:33,033	INFO hyperband.py:543 -- Restoring from a previous point in time. Previous=9; Now=1
2024-05-24 04:03:23,955	INFO hyperband.py:543 -- Restoring from a previous point in time. Previous=9; Now=1
2024-05-24 04:03:52,528	INFO hyperband.py:543 -- Restoring from a previous point in time. Previous=9; Now=1
2024-05-24 04:04:43,862	INFO hyperband.py:543 -- Restoring from a previous point in time. Previous=9; Now=1
2024-05-24 04:05:13,666	INFO hyperband.py:543 -- Restoring from a previous point in time. Previous=9; Now=1
2024-05-24 04:06:03,457	INFO hyperband.py:543 -- Restoring from a previous point in time. Previous=9; Now=1
2024-05-24 04:06:31,682	INFO hyperband.py:543 -- Restoring from a previous point in time. Previous=9; Now=1
2024-05-24 04:07:21,093	INFO hyperband.py:543 -- Restoring from a previous point in time. Previous=9; Now=1
2024-05-24 04:07:51,442	INFO hyperband.py:543 -- Restoring from a previous point in time. Previous=9; Now=1
2024-05-24 04:08:41,878	INFO hyperband.py:543 -- Restoring from a previous point in time. Previous=9; Now=1
2024-05-24 04:09:10,972	INFO hyperband.py:543 -- Restoring from a previous point in time. Previous=9; Now=1
2024-05-24 04:09:59,883	INFO hyperband.py:543 -- Restoring from a previous point in time. Previous=9; Now=1
2024-05-24 04:10:27,564	INFO hyperband.py:543 -- Restoring from a previous point in time. Previous=9; Now=1
2024-05-24 04:11:16,548	INFO hyperband.py:543 -- Restoring from a previous point in time. Previous=9; Now=1
2024-05-24 04:11:44,772	INFO hyperband.py:543 -- Restoring from a previous point in time. Previous=9; Now=1
2024-05-24 04:12:33,834	INFO hyperband.py:543 -- Restoring from a previous point in time. Previous=9; Now=1
2024-05-24 04:46:05,695	WARNING util.py:201 -- The `choose_trial_to_run` operation took 0.526 s, which may be a performance bottleneck.
2024-05-24 04:46:23,267	INFO hyperband.py:543 -- Restoring from a previous point in time. Previous=4; Now=1
2024-05-24 04:46:55,431	INFO hyperband.py:543 -- Restoring from a previous point in time. Previous=4; Now=1
2024-05-24 04:47:23,153	INFO hyperband.py:543 -- Restoring from a previous point in time. Previous=4; Now=1
2024-05-24 04:47:50,321	INFO hyperband.py:543 -- Restoring from a previous point in time. Previous=4; Now=1
2024-05-24 04:48:20,119	INFO hyperband.py:543 -- Restoring from a previous point in time. Previous=4; Now=1
2024-05-24 04:48:53,170	INFO hyperband.py:543 -- Restoring from a previous point in time. Previous=4; Now=1
2024-05-24 04:49:19,887	INFO hyperband.py:543 -- Restoring from a previous point in time. Previous=4; Now=1
2024-05-24 04:49:51,450	INFO hyperband.py:543 -- Restoring from a previous point in time. Previous=4; Now=1
2024-05-24 04:50:19,151	INFO hyperband.py:543 -- Restoring from a previous point in time. Previous=4; Now=1
2024-05-24 04:50:45,739	INFO hyperband.py:543 -- Restoring from a previous point in time. Previous=4; Now=1
2024-05-24 04:51:14,239	INFO hyperband.py:543 -- Restoring from a previous point in time. Previous=4; Now=1
2024-05-24 04:51:43,768	INFO hyperband.py:543 -- Restoring from a previous point in time. Previous=4; Now=1
2024-05-24 04:52:12,494	INFO hyperband.py:543 -- Restoring from a previous point in time. Previous=4; Now=1
2024-05-24 04:52:44,738	INFO hyperband.py:543 -- Restoring from a previous point in time. Previous=4; Now=1
2024-05-24 04:53:15,285	INFO hyperband.py:543 -- Restoring from a previous point in time. Previous=4; Now=1
2024-05-24 04:53:46,005	INFO hyperband.py:543 -- Restoring from a previous point in time. Previous=4; Now=1
2024-05-24 04:54:13,997	INFO hyperband.py:543 -- Restoring from a previous point in time. Previous=4; Now=1
2024-05-24 04:54:45,202	INFO hyperband.py:543 -- Restoring from a previous point in time. Previous=4; Now=1
2024-05-24 04:55:12,244	INFO hyperband.py:543 -- Restoring from a previous point in time. Previous=4; Now=1
2024-05-24 04:55:41,726	INFO hyperband.py:543 -- Restoring from a previous point in time. Previous=4; Now=1
2024-05-24 04:56:12,271	INFO hyperband.py:543 -- Restoring from a previous point in time. Previous=4; Now=1
2024-05-24 04:56:41,475	INFO hyperband.py:543 -- Restoring from a previous point in time. Previous=4; Now=1
2024-05-24 04:57:12,250	INFO hyperband.py:543 -- Restoring from a previous point in time. Previous=4; Now=1
2024-05-24 04:57:42,236	INFO hyperband.py:543 -- Restoring from a previous point in time. Previous=4; Now=1
2024-05-24 04:58:12,213	INFO hyperband.py:543 -- Restoring from a previous point in time. Previous=4; Now=1
2024-05-24 04:58:42,140	INFO hyperband.py:543 -- Restoring from a previous point in time. Previous=4; Now=1
2024-05-24 04:59:11,562	INFO hyperband.py:543 -- Restoring from a previous point in time. Previous=4; Now=1
2024-05-24 04:59:43,618	INFO hyperband.py:543 -- Restoring from a previous point in time. Previous=4; Now=1
2024-05-24 05:00:15,030	INFO hyperband.py:543 -- Restoring from a previous point in time. Previous=4; Now=1
2024-05-24 05:00:44,376	INFO hyperband.py:543 -- Restoring from a previous point in time. Previous=4; Now=1
2024-05-24 05:01:14,531	INFO hyperband.py:543 -- Restoring from a previous point in time. Previous=4; Now=1
2024-05-24 05:01:43,271	INFO hyperband.py:543 -- Restoring from a previous point in time. Previous=4; Now=1
2024-05-24 05:02:13,039	INFO hyperband.py:543 -- Restoring from a previous point in time. Previous=4; Now=1
2024-05-24 05:02:42,974	INFO hyperband.py:543 -- Restoring from a previous point in time. Previous=4; Now=1
2024-05-24 05:03:13,354	INFO hyperband.py:543 -- Restoring from a previous point in time. Previous=4; Now=1
2024-05-24 05:03:42,226	INFO hyperband.py:543 -- Restoring from a previous point in time. Previous=4; Now=1
2024-05-24 05:04:11,298	INFO hyperband.py:543 -- Restoring from a previous point in time. Previous=4; Now=1
2024-05-24 05:04:40,588	INFO hyperband.py:543 -- Restoring from a previous point in time. Previous=4; Now=1
2024-05-24 05:05:11,450	INFO hyperband.py:543 -- Restoring from a previous point in time. Previous=4; Now=1
2024-05-24 05:05:40,510	INFO hyperband.py:543 -- Restoring from a previous point in time. Previous=4; Now=1
2024-05-24 05:06:10,530	INFO hyperband.py:543 -- Restoring from a previous point in time. Previous=4; Now=1
2024-05-24 05:06:39,345	INFO hyperband.py:543 -- Restoring from a previous point in time. Previous=4; Now=1
2024-05-24 05:07:09,344	INFO hyperband.py:543 -- Restoring from a previous point in time. Previous=4; Now=1
2024-05-24 05:07:38,421	INFO hyperband.py:543 -- Restoring from a previous point in time. Previous=4; Now=1
2024-05-24 05:08:09,632	INFO hyperband.py:543 -- Restoring from a previous point in time. Previous=4; Now=1
2024-05-24 05:08:39,184	INFO hyperband.py:543 -- Restoring from a previous point in time. Previous=4; Now=1
2024-05-24 05:09:08,000	INFO hyperband.py:543 -- Restoring from a previous point in time. Previous=4; Now=1
2024-05-24 05:09:38,761	INFO hyperband.py:543 -- Restoring from a previous point in time. Previous=4; Now=1
2024-05-24 05:10:09,465	INFO hyperband.py:543 -- Restoring from a previous point in time. Previous=4; Now=1
2024-05-24 05:10:38,342	INFO hyperband.py:543 -- Restoring from a previous point in time. Previous=4; Now=1
2024-05-24 05:11:08,363	INFO hyperband.py:543 -- Restoring from a previous point in time. Previous=4; Now=1
2024-05-24 05:11:38,072	INFO hyperband.py:543 -- Restoring from a previous point in time. Previous=4; Now=1
2024-05-24 05:12:09,547	INFO hyperband.py:543 -- Restoring from a previous point in time. Previous=4; Now=1
2024-05-24 05:12:40,009	INFO hyperband.py:543 -- Restoring from a previous point in time. Previous=4; Now=1
2024-05-24 05:13:09,244	INFO hyperband.py:543 -- Restoring from a previous point in time. Previous=4; Now=1
2024-05-24 05:13:38,598	INFO hyperband.py:543 -- Restoring from a previous point in time. Previous=4; Now=1
2024-05-24 05:14:07,744	INFO hyperband.py:543 -- Restoring from a previous point in time. Previous=4; Now=1
2024-05-24 05:14:37,667	INFO hyperband.py:543 -- Restoring from a previous point in time. Previous=4; Now=1
2024-05-24 05:15:06,627	INFO hyperband.py:543 -- Restoring from a previous point in time. Previous=4; Now=1
2024-05-24 05:15:37,232	INFO hyperband.py:543 -- Restoring from a previous point in time. Previous=4; Now=1
2024-05-24 05:16:06,979	INFO hyperband.py:543 -- Restoring from a previous point in time. Previous=4; Now=1
2024-05-24 05:16:37,439	INFO hyperband.py:543 -- Restoring from a previous point in time. Previous=4; Now=1
2024-05-24 05:17:08,210	INFO hyperband.py:543 -- Restoring from a previous point in time. Previous=4; Now=1
2024-05-24 05:17:38,470	INFO hyperband.py:543 -- Restoring from a previous point in time. Previous=4; Now=1
2024-05-24 05:18:09,781	INFO hyperband.py:543 -- Restoring from a previous point in time. Previous=4; Now=1
2024-05-24 05:18:39,044	INFO hyperband.py:543 -- Restoring from a previous point in time. Previous=4; Now=1
2024-05-24 05:19:07,479	INFO hyperband.py:543 -- Restoring from a previous point in time. Previous=4; Now=1
2024-05-24 05:19:37,091	INFO hyperband.py:543 -- Restoring from a previous point in time. Previous=4; Now=1
2024-05-24 05:20:06,641	INFO hyperband.py:543 -- Restoring from a previous point in time. Previous=4; Now=1
2024-05-24 05:20:36,650	INFO hyperband.py:543 -- Restoring from a previous point in time. Previous=4; Now=1
2024-05-24 05:21:05,908	INFO hyperband.py:543 -- Restoring from a previous point in time. Previous=4; Now=1
2024-05-24 05:21:36,628	INFO hyperband.py:543 -- Restoring from a previous point in time. Previous=4; Now=1
2024-05-24 05:22:04,650	INFO hyperband.py:543 -- Restoring from a previous point in time. Previous=4; Now=1
2024-05-24 05:22:35,585	INFO hyperband.py:543 -- Restoring from a previous point in time. Previous=4; Now=1
2024-05-24 05:23:06,198	INFO hyperband.py:543 -- Restoring from a previous point in time. Previous=4; Now=1
2024-05-24 05:23:38,692	INFO hyperband.py:543 -- Restoring from a previous point in time. Previous=4; Now=1
2024-05-24 05:24:09,077	INFO hyperband.py:543 -- Restoring from a previous point in time. Previous=4; Now=1
2024-05-24 05:24:39,530	INFO hyperband.py:543 -- Restoring from a previous point in time. Previous=4; Now=1
2024-05-24 05:25:07,931	INFO hyperband.py:543 -- Restoring from a previous point in time. Previous=4; Now=1
2024-05-24 05:25:38,125	INFO hyperband.py:543 -- Restoring from a previous point in time. Previous=4; Now=1
2024-05-24 05:26:08,986	INFO hyperband.py:543 -- Restoring from a previous point in time. Previous=4; Now=1
2024-05-24 05:26:39,195	INFO hyperband.py:543 -- Restoring from a previous point in time. Previous=4; Now=1
2024-05-24 05:27:08,791	INFO hyperband.py:543 -- Restoring from a previous point in time. Previous=4; Now=1
2024-05-24 05:27:39,061	INFO hyperband.py:543 -- Restoring from a previous point in time. Previous=4; Now=1
2024-05-24 05:28:07,412	INFO hyperband.py:543 -- Restoring from a previous point in time. Previous=4; Now=1
2024-05-24 05:28:37,955	INFO hyperband.py:543 -- Restoring from a previous point in time. Previous=4; Now=1
2024-05-24 05:29:05,440	INFO hyperband.py:543 -- Restoring from a previous point in time. Previous=4; Now=1
2024-05-24 05:29:37,676	INFO hyperband.py:543 -- Restoring from a previous point in time. Previous=4; Now=1
2024-05-24 05:30:04,435	INFO hyperband.py:543 -- Restoring from a previous point in time. Previous=4; Now=1
2024-05-24 05:30:33,809	INFO hyperband.py:543 -- Restoring from a previous point in time. Previous=4; Now=1
2024-05-24 05:31:03,628	INFO hyperband.py:543 -- Restoring from a previous point in time. Previous=4; Now=1
2024-05-24 05:31:34,766	INFO hyperband.py:543 -- Restoring from a previous point in time. Previous=4; Now=1
2024-05-24 05:32:05,779	INFO hyperband.py:543 -- Restoring from a previous point in time. Previous=4; Now=1
2024-05-24 05:32:34,944	INFO hyperband.py:543 -- Restoring from a previous point in time. Previous=4; Now=1
2024-05-24 05:33:03,061	INFO hyperband.py:543 -- Restoring from a previous point in time. Previous=4; Now=1
2024-05-24 05:33:17,452	INFO tune.py:1007 -- Wrote the latest version of all result files and experiment state to '/zhome/4a/a/156124/ray_results/bohb_exp' in 3.5376s.
